{"/home/greinisch/Projects/flux-view/src/lib/core.ts": {"path":"/home/greinisch/Projects/flux-view/src/lib/core.ts","statementMap":{"0":{"start":{"line":2,"column":0},"end":{"line":2,"column":45}},"1":{"start":{"line":3,"column":0},"end":{"line":3,"column":51}},"2":{"start":{"line":22,"column":8},"end":{"line":22,"column":16}},"3":{"start":{"line":27,"column":8},"end":{"line":27,"column":null}},"4":{"start":{"line":29,"column":20},"end":{"line":34,"column":9}},"5":{"start":{"line":30,"column":22},"end":{"line":30,"column":34}},"6":{"start":{"line":31,"column":12},"end":{"line":31,"column":null}},"7":{"start":{"line":32,"column":12},"end":{"line":32,"column":null}},"8":{"start":{"line":33,"column":12},"end":{"line":33,"column":null}},"9":{"start":{"line":36,"column":8},"end":{"line":36,"column":null}},"10":{"start":{"line":36,"column":57},"end":{"line":36,"column":76}},"11":{"start":{"line":45,"column":24},"end":{"line":50,"column":null}},"12":{"start":{"line":46,"column":32},"end":{"line":46,"column":58}},"13":{"start":{"line":48,"column":8},"end":{"line":48,"column":null}},"14":{"start":{"line":48,"column":50},"end":{"line":48,"column":71}},"15":{"start":{"line":54,"column":4},"end":{"line":106,"column":null}},"16":{"start":{"line":60,"column":12},"end":{"line":60,"column":27}},"17":{"start":{"line":57,"column":8},"end":{"line":57,"column":null}},"18":{"start":{"line":64,"column":12},"end":{"line":64,"column":null}},"19":{"start":{"line":68,"column":29},"end":{"line":68,"column":118}},"20":{"start":{"line":68,"column":74},"end":{"line":68,"column":117}},"21":{"start":{"line":69,"column":30},"end":{"line":69,"column":118}},"22":{"start":{"line":69,"column":75},"end":{"line":69,"column":117}},"23":{"start":{"line":71,"column":12},"end":{"line":73,"column":null}},"24":{"start":{"line":72,"column":16},"end":{"line":72,"column":null}},"25":{"start":{"line":74,"column":12},"end":{"line":78,"column":null}},"26":{"start":{"line":75,"column":16},"end":{"line":77,"column":null}},"27":{"start":{"line":76,"column":44},"end":{"line":76,"column":68}},"28":{"start":{"line":80,"column":12},"end":{"line":93,"column":null}},"29":{"start":{"line":82,"column":16},"end":{"line":92,"column":null}},"30":{"start":{"line":83,"column":38},"end":{"line":83,"column":104}},"31":{"start":{"line":84,"column":20},"end":{"line":84,"column":null}},"32":{"start":{"line":85,"column":20},"end":{"line":87,"column":null}},"33":{"start":{"line":90,"column":30},"end":{"line":90,"column":43}},"34":{"start":{"line":91,"column":20},"end":{"line":91,"column":null}},"35":{"start":{"line":97,"column":12},"end":{"line":97,"column":null}},"36":{"start":{"line":97,"column":45},"end":{"line":97,"column":60}},"37":{"start":{"line":102,"column":12},"end":{"line":104,"column":null}},"38":{"start":{"line":112,"column":4},"end":{"line":113,"column":null}},"39":{"start":{"line":113,"column":8},"end":{"line":113,"column":null}},"40":{"start":{"line":115,"column":14},"end":{"line":115,"column":68}},"41":{"start":{"line":116,"column":4},"end":{"line":116,"column":null}},"42":{"start":{"line":122,"column":18},"end":{"line":122,"column":35}},"43":{"start":{"line":123,"column":4},"end":{"line":123,"column":null}},"44":{"start":{"line":124,"column":4},"end":{"line":124,"column":null}},"45":{"start":{"line":120,"column":0},"end":{"line":120,"column":16}},"46":{"start":{"line":131,"column":23},"end":{"line":131,"column":31}},"47":{"start":{"line":133,"column":4},"end":{"line":133,"column":null}},"48":{"start":{"line":138,"column":4},"end":{"line":138,"column":68}},"49":{"start":{"line":140,"column":4},"end":{"line":142,"column":null}},"50":{"start":{"line":141,"column":7},"end":{"line":141,"column":null}},"51":{"start":{"line":145,"column":0},"end":{"line":145,"column":null}}},"fnMap":{"0":{"name":"(anonymous_0)","decl":{"start":{"line":21,"column":4},"end":{"line":21,"column":null}},"loc":{"start":{"line":21,"column":4},"end":{"line":23,"column":5}}},"1":{"name":"(anonymous_1)","decl":{"start":{"line":25,"column":4},"end":{"line":25,"column":14}},"loc":{"start":{"line":25,"column":44},"end":{"line":37,"column":5}}},"2":{"name":"(anonymous_2)","decl":{"start":{"line":29,"column":20},"end":{"line":29,"column":21}},"loc":{"start":{"line":29,"column":40},"end":{"line":34,"column":9}}},"3":{"name":"(anonymous_3)","decl":{"start":{"line":36,"column":34},"end":{"line":36,"column":35}},"loc":{"start":{"line":36,"column":54},"end":{"line":36,"column":77}}},"4":{"name":"(anonymous_4)","decl":{"start":{"line":46,"column":11},"end":{"line":46,"column":12}},"loc":{"start":{"line":46,"column":32},"end":{"line":46,"column":58}}},"5":{"name":"(anonymous_5)","decl":{"start":{"line":47,"column":11},"end":{"line":47,"column":12}},"loc":{"start":{"line":47,"column":44},"end":{"line":49,"column":5}}},"6":{"name":"(anonymous_6)","decl":{"start":{"line":48,"column":39},"end":{"line":48,"column":40}},"loc":{"start":{"line":48,"column":50},"end":{"line":48,"column":71}}},"7":{"name":"_$","decl":{"start":{"line":52,"column":9},"end":{"line":52,"column":11}},"loc":{"start":{"line":52,"column":55},"end":{"line":107,"column":1}}},"8":{"name":"(anonymous_8)","decl":{"start":{"line":59,"column":8},"end":{"line":59,"column":20}},"loc":{"start":{"line":59,"column":34},"end":{"line":61,"column":9}}},"9":{"name":"(anonymous_9)","decl":{"start":{"line":63,"column":8},"end":{"line":63,"column":18}},"loc":{"start":{"line":63,"column":35},"end":{"line":65,"column":9}}},"10":{"name":"(anonymous_10)","decl":{"start":{"line":66,"column":8},"end":{"line":66,"column":25}},"loc":{"start":{"line":66,"column":25},"end":{"line":94,"column":9}}},"11":{"name":"(anonymous_11)","decl":{"start":{"line":68,"column":63},"end":{"line":68,"column":64}},"loc":{"start":{"line":68,"column":74},"end":{"line":68,"column":117}}},"12":{"name":"(anonymous_12)","decl":{"start":{"line":69,"column":64},"end":{"line":69,"column":65}},"loc":{"start":{"line":69,"column":75},"end":{"line":69,"column":117}}},"13":{"name":"(anonymous_13)","decl":{"start":{"line":71,"column":32},"end":{"line":71,"column":33}},"loc":{"start":{"line":71,"column":60},"end":{"line":73,"column":13}}},"14":{"name":"(anonymous_14)","decl":{"start":{"line":74,"column":33},"end":{"line":74,"column":34}},"loc":{"start":{"line":74,"column":88},"end":{"line":78,"column":13}}},"15":{"name":"(anonymous_15)","decl":{"start":{"line":76,"column":37},"end":{"line":76,"column":38}},"loc":{"start":{"line":76,"column":44},"end":{"line":76,"column":68}}},"16":{"name":"(anonymous_16)","decl":{"start":{"line":80,"column":62},"end":{"line":80,"column":63}},"loc":{"start":{"line":80,"column":72},"end":{"line":93,"column":13}}},"17":{"name":"(anonymous_17)","decl":{"start":{"line":96,"column":8},"end":{"line":96,"column":28}},"loc":{"start":{"line":96,"column":28},"end":{"line":98,"column":9}}},"18":{"name":"(anonymous_18)","decl":{"start":{"line":97,"column":40},"end":{"line":97,"column":41}},"loc":{"start":{"line":97,"column":45},"end":{"line":97,"column":60}}},"19":{"name":"(anonymous_19)","decl":{"start":{"line":100,"column":16},"end":{"line":100,"column":30}},"loc":{"start":{"line":100,"column":65},"end":{"line":105,"column":9}}},"20":{"name":"factory","decl":{"start":{"line":110,"column":9},"end":{"line":110,"column":16}},"loc":{"start":{"line":110,"column":36},"end":{"line":117,"column":1}}},"21":{"name":"render","decl":{"start":{"line":120,"column":16},"end":{"line":120,"column":22}},"loc":{"start":{"line":120,"column":39},"end":{"line":125,"column":1}}},"22":{"name":"registerElement","decl":{"start":{"line":128,"column":9},"end":{"line":128,"column":24}},"loc":{"start":{"line":128,"column":48},"end":{"line":134,"column":1}}},"23":{"name":"(anonymous_23)","decl":{"start":{"line":131,"column":8},"end":{"line":131,"column":23}},"loc":{"start":{"line":131,"column":8},"end":{"line":131,"column":32}}},"24":{"name":"register","decl":{"start":{"line":136,"column":9},"end":{"line":136,"column":17}},"loc":{"start":{"line":136,"column":17},"end":{"line":143,"column":1}}},"25":{"name":"(anonymous_25)","decl":{"start":{"line":140,"column":47},"end":{"line":140,"column":48}},"loc":{"start":{"line":140,"column":75},"end":{"line":142,"column":5}}}},"branchMap":{"0":{"loc":{"start":{"line":68,"column":74},"end":{"line":68,"column":89}},"type":"binary-expr","locations":[{"start":{"line":68,"column":74},"end":{"line":68,"column":89}},{"start":{"line":68,"column":93},"end":{"line":68,"column":117}}]},"1":{"loc":{"start":{"line":69,"column":75},"end":{"line":69,"column":90}},"type":"binary-expr","locations":[{"start":{"line":69,"column":75},"end":{"line":69,"column":90}},{"start":{"line":69,"column":95},"end":{"line":69,"column":116}}]},"2":{"loc":{"start":{"line":80,"column":12},"end":{"line":80,"column":30}},"type":"binary-expr","locations":[{"start":{"line":80,"column":12},"end":{"line":80,"column":30}},{"start":{"line":80,"column":34},"end":{"line":93,"column":14}}]},"3":{"loc":{"start":{"line":82,"column":16},"end":{"line":92,"column":null}},"type":"if","locations":[{"start":{"line":82,"column":16},"end":{"line":92,"column":null}},{"start":{"line":82,"column":16},"end":{"line":92,"column":null}}]},"4":{"loc":{"start":{"line":103,"column":18},"end":{"line":103,"column":52}},"type":"cond-expr","locations":[{"start":{"line":103,"column":18},"end":{"line":103,"column":52}},{"start":{"line":104,"column":18},"end":{"line":104,"column":36}}]},"5":{"loc":{"start":{"line":110,"column":31},"end":{"line":110,"column":36}},"type":"default-arg","locations":[{"start":{"line":110,"column":31},"end":{"line":110,"column":36}}]},"6":{"loc":{"start":{"line":112,"column":4},"end":{"line":113,"column":null}},"type":"if","locations":[{"start":{"line":112,"column":4},"end":{"line":113,"column":null}},{"start":{"line":112,"column":4},"end":{"line":113,"column":null}}]}},"s":{"0":1,"1":1,"2":1,"3":1,"4":1,"5":1,"6":1,"7":1,"8":1,"9":1,"10":1,"11":1,"12":4,"13":1,"14":1,"15":118,"16":5,"17":5,"18":5,"19":5,"20":16,"21":5,"22":16,"23":5,"24":11,"25":5,"26":3,"27":4,"28":5,"29":2,"30":1,"31":1,"32":1,"33":1,"34":1,"35":5,"36":4,"37":15,"38":6,"39":1,"40":5,"41":5,"42":6,"43":5,"44":5,"45":1,"46":5,"47":117,"48":1,"49":1,"50":117,"51":1},"f":{"0":1,"1":1,"2":1,"3":1,"4":4,"5":1,"6":1,"7":118,"8":5,"9":5,"10":5,"11":16,"12":16,"13":11,"14":3,"15":4,"16":2,"17":5,"18":4,"19":15,"20":6,"21":6,"22":117,"23":5,"24":1,"25":117},"b":{"0":[16,14],"1":[16,14],"2":[5,2],"3":[1,1],"4":[5,10],"5":[3],"6":[1,5]}}
,"/home/greinisch/Projects/flux-view/src/lib/factory.ts": {"path":"/home/greinisch/Projects/flux-view/src/lib/factory.ts","statementMap":{"0":{"start":{"line":4,"column":11},"end":{"line":124,"column":null}}},"fnMap":{},"branchMap":{},"s":{"0":1},"f":{},"b":{}}
,"/home/greinisch/Projects/flux-view/src/lib/stream$.ts": {"path":"/home/greinisch/Projects/flux-view/src/lib/stream$.ts","statementMap":{"0":{"start":{"line":2,"column":0},"end":{"line":2,"column":36}},"1":{"start":{"line":12,"column":24},"end":{"line":12,"column":47}},"2":{"start":{"line":13,"column":24},"end":{"line":13,"column":52}},"3":{"start":{"line":18,"column":8},"end":{"line":18,"column":null}},"4":{"start":{"line":19,"column":8},"end":{"line":19,"column":null}},"5":{"start":{"line":20,"column":8},"end":{"line":20,"column":null}},"6":{"start":{"line":21,"column":8},"end":{"line":21,"column":null}},"7":{"start":{"line":26,"column":22},"end":{"line":26,"column":99}},"8":{"start":{"line":26,"column":73},"end":{"line":26,"column":96}},"9":{"start":{"line":28,"column":8},"end":{"line":28,"column":null}},"10":{"start":{"line":30,"column":8},"end":{"line":32,"column":null}},"11":{"start":{"line":31,"column":12},"end":{"line":31,"column":null}},"12":{"start":{"line":36,"column":23},"end":{"line":36,"column":65}},"13":{"start":{"line":37,"column":17},"end":{"line":37,"column":30}},"14":{"start":{"line":38,"column":8},"end":{"line":38,"column":null}},"15":{"start":{"line":5,"column":0},"end":{"line":5,"column":13}},"16":{"start":{"line":50,"column":4},"end":{"line":53,"column":null}},"17":{"start":{"line":52,"column":42},"end":{"line":52,"column":64}},"18":{"start":{"line":58,"column":11},"end":{"line":58,"column":28}},"19":{"start":{"line":59,"column":11},"end":{"line":59,"column":28}}},"fnMap":{"0":{"name":"(anonymous_0)","decl":{"start":{"line":11,"column":4},"end":{"line":11,"column":null}},"loc":{"start":{"line":16,"column":42},"end":{"line":22,"column":5}}},"1":{"name":"(anonymous_1)","decl":{"start":{"line":24,"column":4},"end":{"line":24,"column":13}},"loc":{"start":{"line":24,"column":58},"end":{"line":33,"column":5}}},"2":{"name":"(anonymous_2)","decl":{"start":{"line":26,"column":46},"end":{"line":26,"column":47}},"loc":{"start":{"line":26,"column":73},"end":{"line":26,"column":96}}},"3":{"name":"(anonymous_3)","decl":{"start":{"line":30,"column":34},"end":{"line":30,"column":35}},"loc":{"start":{"line":30,"column":43},"end":{"line":32,"column":9}}},"4":{"name":"(anonymous_4)","decl":{"start":{"line":35,"column":12},"end":{"line":35,"column":20}},"loc":{"start":{"line":35,"column":62},"end":{"line":39,"column":5}}},"5":{"name":"stream$","decl":{"start":{"line":43,"column":9},"end":{"line":43,"column":16}},"loc":{"start":{"line":47,"column":103},"end":{"line":54,"column":1}}},"6":{"name":"(anonymous_6)","decl":{"start":{"line":52,"column":8},"end":{"line":52,"column":9}},"loc":{"start":{"line":52,"column":42},"end":{"line":52,"column":64}}}},"branchMap":{"0":{"loc":{"start":{"line":28,"column":8},"end":{"line":28,"column":23}},"type":"binary-expr","locations":[{"start":{"line":28,"column":8},"end":{"line":28,"column":23}},{"start":{"line":28,"column":27},"end":{"line":28,"column":64}}]},"1":{"loc":{"start":{"line":36,"column":38},"end":{"line":36,"column":57}},"type":"cond-expr","locations":[{"start":{"line":36,"column":38},"end":{"line":36,"column":57}},{"start":{"line":36,"column":60},"end":{"line":36,"column":65}}]},"2":{"loc":{"start":{"line":38,"column":8},"end":{"line":38,"column":24}},"type":"binary-expr","locations":[{"start":{"line":38,"column":8},"end":{"line":38,"column":24}},{"start":{"line":38,"column":28},"end":{"line":38,"column":58}}]},"3":{"loc":{"start":{"line":47,"column":101},"end":{"line":47,"column":103}},"type":"default-arg","locations":[{"start":{"line":47,"column":101},"end":{"line":47,"column":103}}]}},"s":{"0":1,"1":4,"2":4,"3":4,"4":4,"5":4,"6":4,"7":4,"8":4,"9":4,"10":4,"11":4,"12":5,"13":5,"14":5,"15":1,"16":4,"17":4,"18":1,"19":1},"f":{"0":4,"1":4,"2":4,"3":4,"4":5,"5":4,"6":4},"b":{"0":[4,1],"1":[1,4],"2":[5,1],"3":[2]}}
}
