{"/home/greinisch/Projects/flux-view/flux-view/src/lib/core.ts": {"path":"/home/greinisch/Projects/flux-view/flux-view/src/lib/core.ts","statementMap":{"0":{"start":{"line":2,"column":0},"end":{"line":2,"column":45}},"1":{"start":{"line":3,"column":0},"end":{"line":3,"column":51}},"2":{"start":{"line":24,"column":8},"end":{"line":24,"column":16}},"3":{"start":{"line":29,"column":8},"end":{"line":29,"column":null}},"4":{"start":{"line":31,"column":20},"end":{"line":36,"column":9}},"5":{"start":{"line":32,"column":22},"end":{"line":32,"column":34}},"6":{"start":{"line":33,"column":12},"end":{"line":33,"column":null}},"7":{"start":{"line":34,"column":12},"end":{"line":34,"column":null}},"8":{"start":{"line":35,"column":12},"end":{"line":35,"column":null}},"9":{"start":{"line":38,"column":8},"end":{"line":38,"column":null}},"10":{"start":{"line":38,"column":57},"end":{"line":38,"column":76}},"11":{"start":{"line":47,"column":24},"end":{"line":52,"column":null}},"12":{"start":{"line":48,"column":32},"end":{"line":48,"column":58}},"13":{"start":{"line":50,"column":8},"end":{"line":50,"column":null}},"14":{"start":{"line":50,"column":50},"end":{"line":50,"column":71}},"15":{"start":{"line":56,"column":4},"end":{"line":124,"column":null}},"16":{"start":{"line":62,"column":12},"end":{"line":62,"column":27}},"17":{"start":{"line":59,"column":8},"end":{"line":59,"column":null}},"18":{"start":{"line":66,"column":12},"end":{"line":66,"column":null}},"19":{"start":{"line":70,"column":29},"end":{"line":70,"column":118}},"20":{"start":{"line":70,"column":74},"end":{"line":70,"column":117}},"21":{"start":{"line":71,"column":30},"end":{"line":71,"column":118}},"22":{"start":{"line":71,"column":75},"end":{"line":71,"column":117}},"23":{"start":{"line":73,"column":12},"end":{"line":75,"column":null}},"24":{"start":{"line":74,"column":16},"end":{"line":74,"column":null}},"25":{"start":{"line":76,"column":12},"end":{"line":80,"column":null}},"26":{"start":{"line":77,"column":16},"end":{"line":79,"column":null}},"27":{"start":{"line":78,"column":44},"end":{"line":78,"column":68}},"28":{"start":{"line":81,"column":12},"end":{"line":82,"column":null}},"29":{"start":{"line":82,"column":16},"end":{"line":82,"column":null}},"30":{"start":{"line":84,"column":12},"end":{"line":91,"column":null}},"31":{"start":{"line":85,"column":16},"end":{"line":90,"column":null}},"32":{"start":{"line":87,"column":24},"end":{"line":87,"column":null}},"33":{"start":{"line":88,"column":24},"end":{"line":88,"column":null}},"34":{"start":{"line":92,"column":12},"end":{"line":92,"column":null}},"35":{"start":{"line":96,"column":12},"end":{"line":96,"column":null}},"36":{"start":{"line":96,"column":45},"end":{"line":96,"column":60}},"37":{"start":{"line":97,"column":12},"end":{"line":97,"column":null}},"38":{"start":{"line":102,"column":12},"end":{"line":115,"column":null}},"39":{"start":{"line":104,"column":16},"end":{"line":114,"column":null}},"40":{"start":{"line":105,"column":38},"end":{"line":105,"column":104}},"41":{"start":{"line":106,"column":20},"end":{"line":106,"column":null}},"42":{"start":{"line":107,"column":20},"end":{"line":109,"column":null}},"43":{"start":{"line":112,"column":30},"end":{"line":112,"column":43}},"44":{"start":{"line":113,"column":20},"end":{"line":113,"column":null}},"45":{"start":{"line":120,"column":12},"end":{"line":122,"column":null}},"46":{"start":{"line":130,"column":4},"end":{"line":131,"column":null}},"47":{"start":{"line":131,"column":8},"end":{"line":131,"column":null}},"48":{"start":{"line":133,"column":14},"end":{"line":133,"column":68}},"49":{"start":{"line":134,"column":4},"end":{"line":134,"column":null}},"50":{"start":{"line":140,"column":18},"end":{"line":140,"column":35}},"51":{"start":{"line":141,"column":4},"end":{"line":141,"column":null}},"52":{"start":{"line":142,"column":4},"end":{"line":142,"column":null}},"53":{"start":{"line":138,"column":0},"end":{"line":138,"column":16}},"54":{"start":{"line":149,"column":23},"end":{"line":149,"column":31}},"55":{"start":{"line":151,"column":4},"end":{"line":151,"column":null}},"56":{"start":{"line":156,"column":4},"end":{"line":156,"column":68}},"57":{"start":{"line":158,"column":4},"end":{"line":160,"column":null}},"58":{"start":{"line":159,"column":7},"end":{"line":159,"column":null}},"59":{"start":{"line":163,"column":0},"end":{"line":163,"column":null}}},"fnMap":{"0":{"name":"(anonymous_0)","decl":{"start":{"line":23,"column":4},"end":{"line":23,"column":null}},"loc":{"start":{"line":23,"column":4},"end":{"line":25,"column":5}}},"1":{"name":"(anonymous_1)","decl":{"start":{"line":27,"column":4},"end":{"line":27,"column":14}},"loc":{"start":{"line":27,"column":44},"end":{"line":39,"column":5}}},"2":{"name":"(anonymous_2)","decl":{"start":{"line":31,"column":20},"end":{"line":31,"column":21}},"loc":{"start":{"line":31,"column":40},"end":{"line":36,"column":9}}},"3":{"name":"(anonymous_3)","decl":{"start":{"line":38,"column":34},"end":{"line":38,"column":35}},"loc":{"start":{"line":38,"column":54},"end":{"line":38,"column":77}}},"4":{"name":"(anonymous_4)","decl":{"start":{"line":48,"column":11},"end":{"line":48,"column":12}},"loc":{"start":{"line":48,"column":32},"end":{"line":48,"column":58}}},"5":{"name":"(anonymous_5)","decl":{"start":{"line":49,"column":11},"end":{"line":49,"column":12}},"loc":{"start":{"line":49,"column":44},"end":{"line":51,"column":5}}},"6":{"name":"(anonymous_6)","decl":{"start":{"line":50,"column":39},"end":{"line":50,"column":40}},"loc":{"start":{"line":50,"column":50},"end":{"line":50,"column":71}}},"7":{"name":"_$","decl":{"start":{"line":54,"column":9},"end":{"line":54,"column":11}},"loc":{"start":{"line":54,"column":55},"end":{"line":125,"column":1}}},"8":{"name":"(anonymous_8)","decl":{"start":{"line":61,"column":8},"end":{"line":61,"column":20}},"loc":{"start":{"line":61,"column":34},"end":{"line":63,"column":9}}},"9":{"name":"(anonymous_9)","decl":{"start":{"line":65,"column":8},"end":{"line":65,"column":18}},"loc":{"start":{"line":65,"column":35},"end":{"line":67,"column":9}}},"10":{"name":"(anonymous_10)","decl":{"start":{"line":68,"column":8},"end":{"line":68,"column":25}},"loc":{"start":{"line":68,"column":25},"end":{"line":93,"column":9}}},"11":{"name":"(anonymous_11)","decl":{"start":{"line":70,"column":63},"end":{"line":70,"column":64}},"loc":{"start":{"line":70,"column":74},"end":{"line":70,"column":117}}},"12":{"name":"(anonymous_12)","decl":{"start":{"line":71,"column":64},"end":{"line":71,"column":65}},"loc":{"start":{"line":71,"column":75},"end":{"line":71,"column":117}}},"13":{"name":"(anonymous_13)","decl":{"start":{"line":73,"column":32},"end":{"line":73,"column":33}},"loc":{"start":{"line":73,"column":60},"end":{"line":75,"column":13}}},"14":{"name":"(anonymous_14)","decl":{"start":{"line":76,"column":33},"end":{"line":76,"column":34}},"loc":{"start":{"line":76,"column":88},"end":{"line":80,"column":13}}},"15":{"name":"(anonymous_15)","decl":{"start":{"line":78,"column":37},"end":{"line":78,"column":38}},"loc":{"start":{"line":78,"column":44},"end":{"line":78,"column":68}}},"16":{"name":"(anonymous_16)","decl":{"start":{"line":86,"column":50},"end":{"line":86,"column":51}},"loc":{"start":{"line":86,"column":63},"end":{"line":89,"column":21}}},"17":{"name":"(anonymous_17)","decl":{"start":{"line":95,"column":8},"end":{"line":95,"column":28}},"loc":{"start":{"line":95,"column":28},"end":{"line":98,"column":9}}},"18":{"name":"(anonymous_18)","decl":{"start":{"line":96,"column":40},"end":{"line":96,"column":41}},"loc":{"start":{"line":96,"column":45},"end":{"line":96,"column":60}}},"19":{"name":"(anonymous_19)","decl":{"start":{"line":100,"column":16},"end":{"line":100,"column":30}},"loc":{"start":{"line":100,"column":60},"end":{"line":116,"column":9}}},"20":{"name":"(anonymous_20)","decl":{"start":{"line":102,"column":30},"end":{"line":102,"column":31}},"loc":{"start":{"line":102,"column":40},"end":{"line":115,"column":13}}},"21":{"name":"(anonymous_21)","decl":{"start":{"line":118,"column":16},"end":{"line":118,"column":30}},"loc":{"start":{"line":118,"column":65},"end":{"line":123,"column":9}}},"22":{"name":"factory","decl":{"start":{"line":128,"column":9},"end":{"line":128,"column":16}},"loc":{"start":{"line":128,"column":36},"end":{"line":135,"column":1}}},"23":{"name":"render","decl":{"start":{"line":138,"column":16},"end":{"line":138,"column":22}},"loc":{"start":{"line":138,"column":39},"end":{"line":143,"column":1}}},"24":{"name":"registerElement","decl":{"start":{"line":146,"column":9},"end":{"line":146,"column":24}},"loc":{"start":{"line":146,"column":48},"end":{"line":152,"column":1}}},"25":{"name":"(anonymous_25)","decl":{"start":{"line":149,"column":8},"end":{"line":149,"column":23}},"loc":{"start":{"line":149,"column":8},"end":{"line":149,"column":32}}},"26":{"name":"register","decl":{"start":{"line":154,"column":9},"end":{"line":154,"column":17}},"loc":{"start":{"line":154,"column":17},"end":{"line":161,"column":1}}},"27":{"name":"(anonymous_27)","decl":{"start":{"line":158,"column":47},"end":{"line":158,"column":48}},"loc":{"start":{"line":158,"column":75},"end":{"line":160,"column":5}}}},"branchMap":{"0":{"loc":{"start":{"line":70,"column":74},"end":{"line":70,"column":89}},"type":"binary-expr","locations":[{"start":{"line":70,"column":74},"end":{"line":70,"column":89}},{"start":{"line":70,"column":93},"end":{"line":70,"column":117}}]},"1":{"loc":{"start":{"line":71,"column":75},"end":{"line":71,"column":90}},"type":"binary-expr","locations":[{"start":{"line":71,"column":75},"end":{"line":71,"column":90}},{"start":{"line":71,"column":95},"end":{"line":71,"column":116}}]},"2":{"loc":{"start":{"line":81,"column":12},"end":{"line":82,"column":null}},"type":"if","locations":[{"start":{"line":81,"column":12},"end":{"line":82,"column":null}},{"start":{"line":81,"column":12},"end":{"line":82,"column":null}}]},"3":{"loc":{"start":{"line":81,"column":15},"end":{"line":81,"column":33}},"type":"binary-expr","locations":[{"start":{"line":81,"column":15},"end":{"line":81,"column":33}},{"start":{"line":81,"column":37},"end":{"line":81,"column":70}}]},"4":{"loc":{"start":{"line":84,"column":12},"end":{"line":91,"column":null}},"type":"if","locations":[{"start":{"line":84,"column":12},"end":{"line":91,"column":null}},{"start":{"line":84,"column":12},"end":{"line":91,"column":null}}]},"5":{"loc":{"start":{"line":84,"column":15},"end":{"line":84,"column":33}},"type":"binary-expr","locations":[{"start":{"line":84,"column":15},"end":{"line":84,"column":33}},{"start":{"line":84,"column":37},"end":{"line":84,"column":74}}]},"6":{"loc":{"start":{"line":92,"column":12},"end":{"line":92,"column":39}},"type":"binary-expr","locations":[{"start":{"line":92,"column":12},"end":{"line":92,"column":39}},{"start":{"line":92,"column":43},"end":{"line":92,"column":76}}]},"7":{"loc":{"start":{"line":97,"column":12},"end":{"line":97,"column":42}},"type":"binary-expr","locations":[{"start":{"line":97,"column":12},"end":{"line":97,"column":42}},{"start":{"line":97,"column":46},"end":{"line":97,"column":82}}]},"8":{"loc":{"start":{"line":104,"column":16},"end":{"line":114,"column":null}},"type":"if","locations":[{"start":{"line":104,"column":16},"end":{"line":114,"column":null}},{"start":{"line":104,"column":16},"end":{"line":114,"column":null}}]},"9":{"loc":{"start":{"line":121,"column":18},"end":{"line":121,"column":52}},"type":"cond-expr","locations":[{"start":{"line":121,"column":18},"end":{"line":121,"column":52}},{"start":{"line":122,"column":18},"end":{"line":122,"column":36}}]},"10":{"loc":{"start":{"line":128,"column":31},"end":{"line":128,"column":36}},"type":"default-arg","locations":[{"start":{"line":128,"column":31},"end":{"line":128,"column":36}}]},"11":{"loc":{"start":{"line":130,"column":4},"end":{"line":131,"column":null}},"type":"if","locations":[{"start":{"line":130,"column":4},"end":{"line":131,"column":null}},{"start":{"line":130,"column":4},"end":{"line":131,"column":null}}]}},"s":{"0":1,"1":1,"2":1,"3":1,"4":1,"5":1,"6":1,"7":1,"8":1,"9":1,"10":1,"11":1,"12":14,"13":1,"14":1,"15":118,"16":12,"17":12,"18":12,"19":13,"20":41,"21":13,"22":41,"23":13,"24":28,"25":13,"26":10,"27":14,"28":13,"29":2,"30":13,"31":1,"32":2,"33":2,"34":13,"35":12,"36":12,"37":12,"38":4,"39":7,"40":1,"41":1,"42":1,"43":6,"44":6,"45":42,"46":13,"47":1,"48":12,"49":12,"50":13,"51":12,"52":12,"53":1,"54":12,"55":117,"56":1,"57":1,"58":117,"59":1},"f":{"0":1,"1":1,"2":1,"3":1,"4":14,"5":1,"6":1,"7":118,"8":12,"9":12,"10":13,"11":41,"12":41,"13":28,"14":10,"15":14,"16":2,"17":12,"18":12,"19":4,"20":7,"21":42,"22":13,"23":13,"24":117,"25":12,"26":1,"27":117},"b":{"0":[41,38],"1":[41,38],"2":[2,11],"3":[13,3],"4":[1,12],"5":[13,3],"6":[13,2],"7":[12,1],"8":[1,6],"9":[15,27],"10":[5],"11":[1,12]}}
,"/home/greinisch/Projects/flux-view/flux-view/src/lib/factory.ts": {"path":"/home/greinisch/Projects/flux-view/flux-view/src/lib/factory.ts","statementMap":{"0":{"start":{"line":4,"column":11},"end":{"line":124,"column":null}}},"fnMap":{},"branchMap":{},"s":{"0":1},"f":{},"b":{}}
,"/home/greinisch/Projects/flux-view/flux-view/src/lib/stream$.ts": {"path":"/home/greinisch/Projects/flux-view/flux-view/src/lib/stream$.ts","statementMap":{"0":{"start":{"line":2,"column":0},"end":{"line":2,"column":36}},"1":{"start":{"line":12,"column":24},"end":{"line":12,"column":47}},"2":{"start":{"line":13,"column":24},"end":{"line":13,"column":52}},"3":{"start":{"line":18,"column":8},"end":{"line":18,"column":null}},"4":{"start":{"line":19,"column":8},"end":{"line":19,"column":null}},"5":{"start":{"line":20,"column":8},"end":{"line":20,"column":null}},"6":{"start":{"line":21,"column":8},"end":{"line":21,"column":null}},"7":{"start":{"line":26,"column":22},"end":{"line":26,"column":99}},"8":{"start":{"line":26,"column":73},"end":{"line":26,"column":96}},"9":{"start":{"line":28,"column":8},"end":{"line":28,"column":null}},"10":{"start":{"line":30,"column":8},"end":{"line":32,"column":null}},"11":{"start":{"line":31,"column":12},"end":{"line":31,"column":null}},"12":{"start":{"line":36,"column":23},"end":{"line":36,"column":65}},"13":{"start":{"line":37,"column":17},"end":{"line":37,"column":30}},"14":{"start":{"line":38,"column":8},"end":{"line":38,"column":null}},"15":{"start":{"line":5,"column":0},"end":{"line":5,"column":13}},"16":{"start":{"line":50,"column":4},"end":{"line":53,"column":null}},"17":{"start":{"line":52,"column":42},"end":{"line":52,"column":64}},"18":{"start":{"line":58,"column":11},"end":{"line":58,"column":28}},"19":{"start":{"line":59,"column":11},"end":{"line":59,"column":28}},"20":{"start":{"line":60,"column":11},"end":{"line":60,"column":31}}},"fnMap":{"0":{"name":"(anonymous_0)","decl":{"start":{"line":11,"column":4},"end":{"line":11,"column":null}},"loc":{"start":{"line":16,"column":42},"end":{"line":22,"column":5}}},"1":{"name":"(anonymous_1)","decl":{"start":{"line":24,"column":4},"end":{"line":24,"column":13}},"loc":{"start":{"line":24,"column":58},"end":{"line":33,"column":5}}},"2":{"name":"(anonymous_2)","decl":{"start":{"line":26,"column":46},"end":{"line":26,"column":47}},"loc":{"start":{"line":26,"column":73},"end":{"line":26,"column":96}}},"3":{"name":"(anonymous_3)","decl":{"start":{"line":30,"column":34},"end":{"line":30,"column":35}},"loc":{"start":{"line":30,"column":43},"end":{"line":32,"column":9}}},"4":{"name":"(anonymous_4)","decl":{"start":{"line":35,"column":12},"end":{"line":35,"column":20}},"loc":{"start":{"line":35,"column":62},"end":{"line":39,"column":5}}},"5":{"name":"stream$","decl":{"start":{"line":43,"column":9},"end":{"line":43,"column":16}},"loc":{"start":{"line":47,"column":103},"end":{"line":54,"column":1}}},"6":{"name":"(anonymous_6)","decl":{"start":{"line":52,"column":8},"end":{"line":52,"column":9}},"loc":{"start":{"line":52,"column":42},"end":{"line":52,"column":64}}}},"branchMap":{"0":{"loc":{"start":{"line":28,"column":8},"end":{"line":28,"column":23}},"type":"binary-expr","locations":[{"start":{"line":28,"column":8},"end":{"line":28,"column":23}},{"start":{"line":28,"column":27},"end":{"line":28,"column":64}}]},"1":{"loc":{"start":{"line":36,"column":38},"end":{"line":36,"column":57}},"type":"cond-expr","locations":[{"start":{"line":36,"column":38},"end":{"line":36,"column":57}},{"start":{"line":36,"column":60},"end":{"line":36,"column":65}}]},"2":{"loc":{"start":{"line":38,"column":8},"end":{"line":38,"column":24}},"type":"binary-expr","locations":[{"start":{"line":38,"column":8},"end":{"line":38,"column":24}},{"start":{"line":38,"column":28},"end":{"line":38,"column":58}}]},"3":{"loc":{"start":{"line":47,"column":101},"end":{"line":47,"column":103}},"type":"default-arg","locations":[{"start":{"line":47,"column":101},"end":{"line":47,"column":103}}]}},"s":{"0":1,"1":11,"2":11,"3":11,"4":11,"5":11,"6":11,"7":12,"8":16,"9":12,"10":12,"11":16,"12":17,"13":17,"14":17,"15":1,"16":11,"17":16,"18":1,"19":1,"20":1},"f":{"0":11,"1":12,"2":16,"3":16,"4":17,"5":11,"6":16},"b":{"0":[12,1],"1":[1,16],"2":[17,1],"3":[9]}}
}
