TN:
SF:src/lib/core.ts
FN:23,(anonymous_0)
FN:27,(anonymous_1)
FN:31,(anonymous_2)
FN:38,(anonymous_3)
FN:48,(anonymous_4)
FN:49,(anonymous_5)
FN:50,(anonymous_6)
FN:54,_$
FN:61,(anonymous_8)
FN:65,(anonymous_9)
FN:68,(anonymous_10)
FN:70,(anonymous_11)
FN:71,(anonymous_12)
FN:73,(anonymous_13)
FN:76,(anonymous_14)
FN:78,(anonymous_15)
FN:82,(anonymous_16)
FN:99,(anonymous_17)
FN:100,(anonymous_18)
FN:104,(anonymous_19)
FN:114,factory
FN:124,render
FN:132,registerElement
FN:135,(anonymous_23)
FN:140,register
FN:144,(anonymous_25)
FNF:26
FNH:26
FNDA:1,(anonymous_0)
FNDA:1,(anonymous_1)
FNDA:1,(anonymous_2)
FNDA:1,(anonymous_3)
FNDA:6,(anonymous_4)
FNDA:1,(anonymous_5)
FNDA:1,(anonymous_6)
FNDA:118,_$
FNDA:6,(anonymous_8)
FNDA:6,(anonymous_9)
FNDA:7,(anonymous_10)
FNDA:24,(anonymous_11)
FNDA:24,(anonymous_12)
FNDA:17,(anonymous_13)
FNDA:5,(anonymous_14)
FNDA:6,(anonymous_15)
FNDA:2,(anonymous_16)
FNDA:6,(anonymous_17)
FNDA:6,(anonymous_18)
FNDA:23,(anonymous_19)
FNDA:7,factory
FNDA:7,render
FNDA:117,registerElement
FNDA:6,(anonymous_23)
FNDA:1,register
FNDA:117,(anonymous_25)
DA:2,1
DA:3,1
DA:24,1
DA:29,1
DA:31,1
DA:32,1
DA:33,1
DA:34,1
DA:35,1
DA:38,1
DA:47,1
DA:48,6
DA:50,1
DA:56,118
DA:59,6
DA:62,6
DA:66,6
DA:70,24
DA:71,24
DA:73,7
DA:74,17
DA:76,7
DA:77,5
DA:78,6
DA:82,7
DA:84,2
DA:85,1
DA:86,1
DA:87,1
DA:92,1
DA:93,1
DA:96,7
DA:100,6
DA:101,6
DA:106,23
DA:116,7
DA:117,1
DA:119,6
DA:120,6
DA:124,1
DA:126,7
DA:127,6
DA:128,6
DA:135,6
DA:137,117
DA:142,1
DA:144,1
DA:145,117
DA:149,1
LF:49
LH:49
BRDA:70,0,0,24
BRDA:70,0,1,22
BRDA:71,1,0,24
BRDA:71,1,1,22
BRDA:82,2,0,7
BRDA:82,2,1,2
BRDA:84,3,0,1
BRDA:84,3,1,1
BRDA:96,4,0,7
BRDA:96,4,1,2
BRDA:101,5,0,6
BRDA:101,5,1,1
BRDA:107,6,0,7
BRDA:107,6,1,16
BRDA:114,7,0,4
BRDA:116,8,0,1
BRDA:116,8,1,6
BRF:17
BRH:17
end_of_record
TN:
SF:src/lib/factory.ts
FNF:0
FNH:0
DA:4,1
LF:1
LH:1
BRF:0
BRH:0
end_of_record
TN:
SF:src/lib/stream$.ts
FN:11,(anonymous_0)
FN:24,(anonymous_1)
FN:26,(anonymous_2)
FN:30,(anonymous_3)
FN:35,(anonymous_4)
FN:43,stream$
FN:52,(anonymous_6)
FNF:7
FNH:7
FNDA:5,(anonymous_0)
FNDA:6,(anonymous_1)
FNDA:6,(anonymous_2)
FNDA:6,(anonymous_3)
FNDA:7,(anonymous_4)
FNDA:5,stream$
FNDA:6,(anonymous_6)
DA:2,1
DA:5,1
DA:12,5
DA:13,5
DA:18,5
DA:19,5
DA:20,5
DA:21,5
DA:26,6
DA:28,6
DA:30,6
DA:31,6
DA:36,7
DA:37,7
DA:38,7
DA:50,5
DA:52,6
DA:58,1
DA:59,1
LF:19
LH:19
BRDA:28,0,0,6
BRDA:28,0,1,1
BRDA:36,1,0,1
BRDA:36,1,1,6
BRDA:38,2,0,7
BRDA:38,2,1,1
BRDA:47,3,0,3
BRF:7
BRH:7
end_of_record
