TN:
SF:src/lib/core.ts
FN:23,(anonymous_0)
FN:27,(anonymous_1)
FN:31,(anonymous_2)
FN:38,(anonymous_3)
FN:48,(anonymous_4)
FN:49,(anonymous_5)
FN:50,(anonymous_6)
FN:54,_$
FN:61,(anonymous_8)
FN:65,(anonymous_9)
FN:68,(anonymous_10)
FN:70,(anonymous_11)
FN:71,(anonymous_12)
FN:73,(anonymous_13)
FN:76,(anonymous_14)
FN:78,(anonymous_15)
FN:86,(anonymous_16)
FN:95,(anonymous_17)
FN:96,(anonymous_18)
FN:100,(anonymous_19)
FN:102,(anonymous_20)
FN:118,(anonymous_21)
FN:128,factory
FN:138,render
FN:146,registerElement
FN:149,(anonymous_25)
FN:154,register
FN:158,(anonymous_27)
FNF:28
FNH:28
FNDA:1,(anonymous_0)
FNDA:1,(anonymous_1)
FNDA:1,(anonymous_2)
FNDA:1,(anonymous_3)
FNDA:14,(anonymous_4)
FNDA:1,(anonymous_5)
FNDA:1,(anonymous_6)
FNDA:118,_$
FNDA:12,(anonymous_8)
FNDA:12,(anonymous_9)
FNDA:13,(anonymous_10)
FNDA:41,(anonymous_11)
FNDA:41,(anonymous_12)
FNDA:28,(anonymous_13)
FNDA:10,(anonymous_14)
FNDA:14,(anonymous_15)
FNDA:2,(anonymous_16)
FNDA:12,(anonymous_17)
FNDA:12,(anonymous_18)
FNDA:4,(anonymous_19)
FNDA:7,(anonymous_20)
FNDA:42,(anonymous_21)
FNDA:13,factory
FNDA:13,render
FNDA:117,registerElement
FNDA:12,(anonymous_25)
FNDA:1,register
FNDA:117,(anonymous_27)
DA:2,1
DA:3,1
DA:24,1
DA:29,1
DA:31,1
DA:32,1
DA:33,1
DA:34,1
DA:35,1
DA:38,1
DA:47,1
DA:48,14
DA:50,1
DA:56,118
DA:59,12
DA:62,12
DA:66,12
DA:70,41
DA:71,41
DA:73,13
DA:74,28
DA:76,13
DA:77,10
DA:78,14
DA:81,13
DA:82,2
DA:84,13
DA:85,1
DA:87,2
DA:88,2
DA:92,13
DA:96,12
DA:97,12
DA:102,4
DA:104,7
DA:105,1
DA:106,1
DA:107,1
DA:112,6
DA:113,6
DA:120,42
DA:130,13
DA:131,1
DA:133,12
DA:134,12
DA:138,1
DA:140,13
DA:141,12
DA:142,12
DA:149,12
DA:151,117
DA:156,1
DA:158,1
DA:159,117
DA:163,1
LF:55
LH:55
BRDA:70,0,0,41
BRDA:70,0,1,38
BRDA:71,1,0,41
BRDA:71,1,1,38
BRDA:81,2,0,2
BRDA:81,2,1,11
BRDA:81,3,0,13
BRDA:81,3,1,3
BRDA:84,4,0,1
BRDA:84,4,1,12
BRDA:84,5,0,13
BRDA:84,5,1,3
BRDA:92,6,0,13
BRDA:92,6,1,2
BRDA:97,7,0,12
BRDA:97,7,1,1
BRDA:104,8,0,1
BRDA:104,8,1,6
BRDA:121,9,0,15
BRDA:121,9,1,27
BRDA:128,10,0,5
BRDA:130,11,0,1
BRDA:130,11,1,12
BRF:23
BRH:23
end_of_record
TN:
SF:src/lib/factory.ts
FNF:0
FNH:0
DA:4,1
LF:1
LH:1
BRF:0
BRH:0
end_of_record
TN:
SF:src/lib/stream$.ts
FN:11,(anonymous_0)
FN:24,(anonymous_1)
FN:26,(anonymous_2)
FN:30,(anonymous_3)
FN:35,(anonymous_4)
FN:43,stream$
FN:52,(anonymous_6)
FNF:7
FNH:7
FNDA:11,(anonymous_0)
FNDA:12,(anonymous_1)
FNDA:16,(anonymous_2)
FNDA:16,(anonymous_3)
FNDA:17,(anonymous_4)
FNDA:11,stream$
FNDA:16,(anonymous_6)
DA:2,1
DA:5,1
DA:12,11
DA:13,11
DA:18,11
DA:19,11
DA:20,11
DA:21,11
DA:26,16
DA:28,12
DA:30,12
DA:31,16
DA:36,17
DA:37,17
DA:38,17
DA:50,11
DA:52,16
DA:58,1
DA:59,1
DA:60,1
LF:20
LH:20
BRDA:28,0,0,12
BRDA:28,0,1,1
BRDA:36,1,0,1
BRDA:36,1,1,16
BRDA:38,2,0,17
BRDA:38,2,1,1
BRDA:47,3,0,9
BRF:7
BRH:7
end_of_record
